2023-04-12T11:23:06.556Z INFO @wdio/local-runner: Run worker command: run
2023-04-12T11:23:06.775Z INFO webdriver: Initiate new session using the WebDriver protocol
2023-04-12T11:23:06.808Z INFO webdriver: [POST] http://localhost:4444/session
2023-04-12T11:23:06.808Z INFO webdriver: DATA {
  capabilities: { alwaysMatch: {}, firstMatch: [ {} ] },
  desiredCapabilities: {}
}
2023-04-12T11:23:06.814Z ERROR webdriver: RequestError: connect ECONNREFUSED 127.0.0.1:4444
    at ClientRequest.<anonymous> (file:///Users/naufalazhar/Documents/NAUFAL_AZHAR/WEBDRIVERIO_CUCUMBER/node_modules/got/dist/source/core/index.js:789:107)
    at Object.onceWrapper (node:events:628:26)
    at ClientRequest.emit (node:events:525:35)
    at ClientRequest.emit (node:domain:489:12)
    at Socket.socketErrorListener (node:_http_client:494:9)
    at Socket.emit (node:events:513:28)
    at Socket.emit (node:domain:489:12)
    at emitErrorNT (node:internal/streams/destroy:157:8)
    at emitErrorCloseNT (node:internal/streams/destroy:122:3)
    at processTicksAndRejections (node:internal/process/task_queues:83:21)
    at TCPConnectWrap.afterConnect [as oncomplete] (node:net:1278:16)
2023-04-12T11:23:06.814Z ERROR @wdio/runner: Error: Failed to create session.
Unable to connect to "http://localhost:4444/", make sure browser driver is running on that address.
If you use services like chromedriver see initialiseServices logs above or in wdio.log file as the service might had problems to start the driver.
    at startWebDriverSession (file:///Users/naufalazhar/Documents/NAUFAL_AZHAR/WEBDRIVERIO_CUCUMBER/node_modules/webdriver/build/utils.js:68:15)
    at processTicksAndRejections (node:internal/process/task_queues:96:5)
    at async Function.newSession (file:///Users/naufalazhar/Documents/NAUFAL_AZHAR/WEBDRIVERIO_CUCUMBER/node_modules/webdriver/build/index.js:24:45)
    at async remote (file:///Users/naufalazhar/Documents/NAUFAL_AZHAR/WEBDRIVERIO_CUCUMBER/node_modules/webdriverio/build/index.js:48:22)
    at async Runner._startSession (file:///Users/naufalazhar/Documents/NAUFAL_AZHAR/WEBDRIVERIO_CUCUMBER/node_modules/@wdio/runner/build/index.js:221:29)
    at async Runner._initSession (file:///Users/naufalazhar/Documents/NAUFAL_AZHAR/WEBDRIVERIO_CUCUMBER/node_modules/@wdio/runner/build/index.js:187:25)
    at async Runner.run (file:///Users/naufalazhar/Documents/NAUFAL_AZHAR/WEBDRIVERIO_CUCUMBER/node_modules/@wdio/runner/build/index.js:77:19)
